
 val_loss: 0.8021708726882935
 val_accuracy: 0.2129366099834442
 dice_score: 0.5485977530479431

 val_loss: 0.671189546585083
 val_accuracy: 0.7711283564567566
 dice_score: 0.7697023153305054

 val_loss: 0.21095731854438782
 val_accuracy: 0.9625556468963623
 dice_score: 1.443183183670044

 val_loss: 0.1398801952600479
 val_accuracy: 0.9760419726371765
 dice_score: 1.4873719215393066

 val_loss: 0.12421276420354843
 val_accuracy: 0.971176266670227
 dice_score: 1.4713371992111206

 val_loss: 0.07067260891199112
 val_accuracy: 0.9851425886154175
 dice_score: 1.5186917781829834

 val_loss: 0.04807288199663162
 val_accuracy: 0.9906795024871826
 dice_score: 1.5381221771240234
